INFO 2022-04-12 08:10:30,214 autoreload 6380 9204 Watching for file changes with StatReloader
INFO 2022-04-12 08:10:39,090 basehttp 6380 15204 "GET / HTTP/1.1" 200 6514
INFO 2022-04-12 08:10:41,414 basehttp 6380 15204 "GET /static/js/main.js HTTP/1.1" 304 0
INFO 2022-04-12 08:10:44,167 basehttp 6380 15204 - Broken pipe from ('127.0.0.1', 58499)

INFO 2022-04-12 08:10:45,710 basehttp 6380 15256 "GET /auth/login/ HTTP/1.1" 200 7526
INFO 2022-04-12 08:10:55,956 basehttp 6380 15256 "POST /auth/login/ HTTP/1.1" 302 0
INFO 2022-04-12 08:10:56,257 basehttp 6380 15256 "GET / HTTP/1.1" 200 7876
INFO 2022-04-12 08:11:04,623 basehttp 6380 15256 "GET /reporting/edit/units/ HTTP/1.1" 200 7891
INFO 2022-04-12 08:11:09,190 basehttp 6380 15256 "GET /reporting/edit/units/?client_pk=2 HTTP/1.1" 200 8219
INFO 2022-04-12 08:11:15,572 basehttp 6380 15256 "GET /reporting/edit/units/?client_pk=2&new_units=122 HTTP/1.1" 200 8394
INFO 2022-04-12 08:11:26,972 basehttp 6380 15256 "GET /reporting/edit/units/?client_pk=2&new_units=124 HTTP/1.1" 302 0
INFO 2022-04-12 08:11:27,307 basehttp 6380 15256 "GET /indications/ HTTP/1.1" 200 13773
INFO 2022-04-12 08:11:48,743 basehttp 6380 15256 "GET /reporting/ HTTP/1.1" 200 7810
INFO 2022-04-12 08:11:50,750 basehttp 6380 15256 "GET /reporting/edit/master/ HTTP/1.1" 200 9457
INFO 2022-04-12 08:11:56,299 basehttp 6380 15256 "GET /reporting/edit/units/ HTTP/1.1" 200 7891
INFO 2022-04-12 08:12:00,736 basehttp 6380 15256 "GET /reporting/edit/units/?client_pk=1 HTTP/1.1" 200 8219
INFO 2022-04-12 08:12:17,539 basehttp 6380 15256 "GET /indications/ HTTP/1.1" 200 13773
INFO 2022-04-12 08:12:22,156 basehttp 6380 15256 "GET /client-details/5/ HTTP/1.1" 200 8620
INFO 2022-04-12 08:12:58,706 basehttp 6380 15256 "GET /announce/ HTTP/1.1" 200 21415
INFO 2022-04-12 08:13:52,144 basehttp 6380 15256 "GET /accounts/logout/ HTTP/1.1" 302 0
INFO 2022-04-12 08:13:52,175 basehttp 6380 15256 "GET / HTTP/1.1" 200 6514
INFO 2022-04-12 08:33:39,975 autoreload 6380 9204 D:\python_web\course_project\course_project\web\views\reporting.py changed, reloading.
INFO 2022-04-12 08:33:43,172 autoreload 17028 3256 Watching for file changes with StatReloader
INFO 2022-04-12 08:38:29,512 autoreload 5452 13208 Watching for file changes with StatReloader
INFO 2022-04-12 08:39:24,423 autoreload 7660 6480 Watching for file changes with StatReloader
INFO 2022-04-12 08:39:35,835 basehttp 7660 12300 "GET / HTTP/1.1" 200 6514
INFO 2022-04-12 08:39:38,511 basehttp 7660 12300 "GET /auth/login/ HTTP/1.1" 200 7526
INFO 2022-04-12 08:39:47,152 basehttp 7660 12300 "POST /auth/login/ HTTP/1.1" 302 0
INFO 2022-04-12 08:39:47,293 basehttp 7660 12300 "GET / HTTP/1.1" 200 7023
INFO 2022-04-12 08:39:49,686 basehttp 7660 12300 "GET /announce/ HTTP/1.1" 200 21074
INFO 2022-04-12 08:39:51,977 basehttp 7660 12300 "GET /announce/add/ HTTP/1.1" 200 7769
INFO 2022-04-12 08:39:56,595 basehttp 7660 12300 "POST /announce/add/ HTTP/1.1" 302 0
INFO 2022-04-12 08:39:56,871 basehttp 7660 12300 "GET /announce/ HTTP/1.1" 200 23308
INFO 2022-04-12 08:40:00,387 basehttp 7660 12300 "GET /announce/edit/51/ HTTP/1.1" 200 8530
INFO 2022-04-12 08:40:03,809 basehttp 7660 12300 "POST /announce/edit/51/ HTTP/1.1" 302 0
INFO 2022-04-12 08:40:04,067 basehttp 7660 12300 "GET /announce/ HTTP/1.1" 200 23313
INFO 2022-04-12 08:40:08,609 basehttp 7660 12300 "GET /announce/delete/51/ HTTP/1.1" 200 7539
INFO 2022-04-12 08:40:13,575 basehttp 7660 12300 "POST /announce/delete/51/ HTTP/1.1" 302 0
INFO 2022-04-12 08:40:13,825 basehttp 7660 12300 "GET /announce/ HTTP/1.1" 200 21252
INFO 2022-04-12 08:40:23,872 basehttp 7660 12300 "GET /announce/ HTTP/1.1" 200 21074
INFO 2022-04-12 08:40:26,228 basehttp 7660 12300 "GET /indications/ HTTP/1.1" 200 12746
INFO 2022-04-12 08:40:29,102 basehttp 7660 12300 "GET /accounts/logout/ HTTP/1.1" 302 0
INFO 2022-04-12 08:40:29,132 basehttp 7660 12300 "GET / HTTP/1.1" 200 6514
INFO 2022-04-12 08:50:54,276 autoreload 10204 16320 Watching for file changes with StatReloader
INFO 2022-04-12 08:50:59,872 basehttp 10204 14772 "GET / HTTP/1.1" 200 6514
INFO 2022-04-12 08:51:40,361 basehttp 10204 14772 "GET /announce/ HTTP/1.1" 200 19407
INFO 2022-04-12 08:51:50,126 basehttp 10204 14772 "GET /auth/login/ HTTP/1.1" 200 7526
INFO 2022-04-12 08:51:52,380 basehttp 10204 14772 "GET /auth/register/ HTTP/1.1" 200 7928
INFO 2022-04-12 08:51:56,013 basehttp 10204 14772 "GET /auth/login/ HTTP/1.1" 200 7526
INFO 2022-04-12 08:51:59,547 basehttp 10204 14772 "GET /auth/register/ HTTP/1.1" 200 7928
INFO 2022-04-12 08:52:15,294 basehttp 10204 14772 "POST /auth/register/ HTTP/1.1" 200 7957
INFO 2022-04-12 08:52:34,083 basehttp 10204 14772 "POST /auth/register/ HTTP/1.1" 200 8009
INFO 2022-04-12 08:52:55,749 basehttp 10204 14772 "POST /auth/register/ HTTP/1.1" 200 7968
INFO 2022-04-12 08:53:09,050 basehttp 10204 14772 "GET /auth/login/ HTTP/1.1" 200 7526
INFO 2022-04-12 08:53:16,896 basehttp 10204 14772 "POST /auth/login/ HTTP/1.1" 302 0
INFO 2022-04-12 08:53:17,057 basehttp 10204 14772 "GET / HTTP/1.1" 200 7023
INFO 2022-04-12 08:53:19,990 basehttp 10204 14772 "GET /accounts/logout/ HTTP/1.1" 302 0
INFO 2022-04-12 08:53:20,017 basehttp 10204 14772 "GET / HTTP/1.1" 200 6514
INFO 2022-04-12 08:53:21,958 basehttp 10204 14772 "GET /auth/login/ HTTP/1.1" 200 7526
INFO 2022-04-12 08:53:26,961 basehttp 10204 14772 "POST /auth/login/ HTTP/1.1" 200 7552
INFO 2022-04-12 08:53:43,100 basehttp 10204 14772 "POST /auth/login/ HTTP/1.1" 302 0
INFO 2022-04-12 08:53:43,239 basehttp 10204 14772 "GET / HTTP/1.1" 200 7023
INFO 2022-04-12 08:53:49,641 basehttp 10204 14772 "GET /accounts/logout/ HTTP/1.1" 302 0
INFO 2022-04-12 08:53:49,666 basehttp 10204 14772 "GET / HTTP/1.1" 200 6514
INFO 2022-04-12 08:53:51,864 basehttp 10204 14772 "GET /auth/login/ HTTP/1.1" 200 7526
INFO 2022-04-12 08:54:00,461 basehttp 10204 14772 "POST /auth/login/ HTTP/1.1" 302 0
INFO 2022-04-12 08:54:00,630 basehttp 10204 14772 "GET / HTTP/1.1" 200 6434
INFO 2022-04-12 08:54:08,409 basehttp 10204 14772 "GET /announce/ HTTP/1.1" 200 20485
INFO 2022-04-12 08:54:20,318 basehttp 10204 14772 "GET /announce/add/ HTTP/1.1" 200 7180
INFO 2022-04-12 08:54:25,639 basehttp 10204 14772 "POST /announce/add/ HTTP/1.1" 302 0
INFO 2022-04-12 08:54:25,891 basehttp 10204 14772 "GET /announce/ HTTP/1.1" 200 22725
INFO 2022-04-12 08:54:29,788 basehttp 10204 14772 "GET /announce/edit/52/ HTTP/1.1" 200 7946
INFO 2022-04-12 08:54:43,590 basehttp 10204 14772 "POST /announce/edit/52/ HTTP/1.1" 302 0
INFO 2022-04-12 08:54:43,827 basehttp 10204 14772 "GET /announce/ HTTP/1.1" 200 22728
INFO 2022-04-12 08:54:51,111 basehttp 10204 14772 "GET /announce/delete/52/ HTTP/1.1" 200 6953
INFO 2022-04-12 08:54:57,239 basehttp 10204 14772 "GET /announce/ HTTP/1.1" 200 22543
INFO 2022-04-12 08:54:59,212 basehttp 10204 14772 "GET /announce/delete/52/ HTTP/1.1" 200 6953
INFO 2022-04-12 08:55:00,793 basehttp 10204 14772 "POST /announce/delete/52/ HTTP/1.1" 302 0
INFO 2022-04-12 08:55:01,041 basehttp 10204 14772 "GET /announce/ HTTP/1.1" 200 20663
INFO 2022-04-12 08:55:15,137 basehttp 10204 14772 "GET /accounts/logout/ HTTP/1.1" 302 0
INFO 2022-04-12 08:55:15,163 basehttp 10204 14772 "GET / HTTP/1.1" 200 6514
INFO 2022-04-12 08:55:17,712 basehttp 10204 14772 "GET /auth/login/ HTTP/1.1" 200 7526
INFO 2022-04-12 08:55:24,231 basehttp 10204 14772 "POST /auth/login/ HTTP/1.1" 302 0
INFO 2022-04-12 08:55:24,367 basehttp 10204 14772 "GET / HTTP/1.1" 200 7023
INFO 2022-04-12 08:55:32,008 basehttp 10204 14772 "GET /indications/ HTTP/1.1" 200 12746
INFO 2022-04-12 08:55:37,561 basehttp 10204 14772 "GET /indications/?page=2 HTTP/1.1" 200 10299
INFO 2022-04-12 08:55:44,057 basehttp 10204 14772 "GET /indications/ HTTP/1.1" 200 12746
INFO 2022-04-12 08:55:52,709 basehttp 10204 14772 "GET /client-details/2/ HTTP/1.1" 200 7693
INFO 2022-04-12 08:56:07,839 basehttp 10204 14772 "GET /announce/ HTTP/1.1" 200 21074
INFO 2022-04-12 08:56:18,795 basehttp 10204 14772 "GET /archive/all/ HTTP/1.1" 200 8423
INFO 2022-04-12 08:56:24,812 basehttp 10204 14772 "GET /archive/55/ HTTP/1.1" 200 15231
INFO 2022-04-12 08:56:34,409 basehttp 10204 14772 "GET /archive/download/55/ HTTP/1.1" 200 220
INFO 2022-04-12 08:57:56,013 basehttp 10204 14772 "GET /archive/43/ HTTP/1.1" 200 15221
INFO 2022-04-12 08:58:12,068 basehttp 10204 14772 "GET /indications/ HTTP/1.1" 200 12746
INFO 2022-04-12 08:58:19,136 basehttp 10204 14772 "GET /accounts/logout/ HTTP/1.1" 302 0
INFO 2022-04-12 08:58:19,163 basehttp 10204 14772 "GET / HTTP/1.1" 200 6514
INFO 2022-04-12 08:58:22,663 basehttp 10204 14772 "GET /auth/login/ HTTP/1.1" 200 7526
INFO 2022-04-12 08:58:33,915 basehttp 10204 14772 "POST /auth/login/ HTTP/1.1" 302 0
INFO 2022-04-12 08:58:34,056 basehttp 10204 14772 "GET / HTTP/1.1" 200 7858
INFO 2022-04-12 08:58:45,671 basehttp 10204 14772 "GET /payments/ HTTP/1.1" 200 18768
INFO 2022-04-12 08:59:04,020 basehttp 10204 14772 "GET /payments/client/debts/1/ HTTP/1.1" 200 8671
INFO 2022-04-12 08:59:11,659 basehttp 10204 14772 "GET /payments/pay/1/ HTTP/1.1" 302 0
INFO 2022-04-12 08:59:11,884 basehttp 10204 14772 "GET /payments/ HTTP/1.1" 200 18886
INFO 2022-04-12 08:59:14,297 basehttp 10204 14772 "GET /payments/pay/2/ HTTP/1.1" 302 0
INFO 2022-04-12 08:59:14,525 basehttp 10204 14772 "GET /payments/ HTTP/1.1" 200 18826
INFO 2022-04-12 08:59:17,026 basehttp 10204 14772 "GET /payments/pay/3/ HTTP/1.1" 302 0
INFO 2022-04-12 08:59:17,263 basehttp 10204 14772 "GET /payments/ HTTP/1.1" 200 18765
INFO 2022-04-12 08:59:19,487 basehttp 10204 14772 "GET /payments/pay/4/ HTTP/1.1" 302 0
INFO 2022-04-12 08:59:19,708 basehttp 10204 14772 "GET /payments/ HTTP/1.1" 200 18704
INFO 2022-04-12 08:59:21,352 basehttp 10204 14772 "GET /payments/pay/5/ HTTP/1.1" 302 0
INFO 2022-04-12 08:59:21,590 basehttp 10204 14772 "GET /payments/ HTTP/1.1" 200 18643
INFO 2022-04-12 08:59:23,611 basehttp 10204 14772 "GET /payments/pay/6/ HTTP/1.1" 302 0
INFO 2022-04-12 08:59:23,846 basehttp 10204 14772 "GET /payments/ HTTP/1.1" 200 18582
INFO 2022-04-12 08:59:26,767 basehttp 10204 14772 "GET /payments/edit/client/3/ HTTP/1.1" 200 9332
INFO 2022-04-12 08:59:45,612 basehttp 10204 14772 "POST /payments/edit/client/3/ HTTP/1.1" 302 0
INFO 2022-04-12 08:59:45,852 basehttp 10204 14772 "GET /payments/ HTTP/1.1" 200 18649
INFO 2022-04-12 09:00:32,355 basehttp 10204 14772 "GET /payments/edit/taxes/ HTTP/1.1" 200 8703
INFO 2022-04-12 09:00:41,733 basehttp 10204 14772 "POST /payments/edit/taxes/ HTTP/1.1" 302 0
INFO 2022-04-12 09:00:41,965 basehttp 10204 14772 "GET /payments/ HTTP/1.1" 200 18464
INFO 2022-04-12 09:01:08,480 basehttp 10204 14772 "GET /payments/pay/3/ HTTP/1.1" 302 0
INFO 2022-04-12 09:01:08,711 basehttp 10204 14772 "GET /payments/ HTTP/1.1" 200 18582
INFO 2022-04-12 09:01:13,987 basehttp 10204 14772 "GET /accounts/logout/ HTTP/1.1" 302 0
INFO 2022-04-12 09:01:14,014 basehttp 10204 14772 "GET / HTTP/1.1" 200 6514
INFO 2022-04-12 09:01:17,143 basehttp 10204 14772 "GET /auth/login/ HTTP/1.1" 200 7526
INFO 2022-04-12 09:01:24,431 basehttp 10204 14772 "POST /auth/login/ HTTP/1.1" 302 0
INFO 2022-04-12 09:01:24,580 basehttp 10204 14772 "GET / HTTP/1.1" 200 7876
INFO 2022-04-12 09:01:31,924 basehttp 10204 14772 "GET /reporting/ HTTP/1.1" 200 7810
INFO 2022-04-12 09:01:39,326 basehttp 10204 14772 "GET /reporting/add/archive/ HTTP/1.1" 302 0
INFO 2022-04-12 09:01:39,595 basehttp 10204 14772 "GET /reporting/ HTTP/1.1" 200 14160
INFO 2022-04-12 09:01:45,998 basehttp 10204 14772 "GET /reporting/?units=12&id=1 HTTP/1.1" 200 14335
INFO 2022-04-12 09:01:52,169 basehttp 10204 14772 "GET /reporting/?units=136&id=1 HTTP/1.1" 200 13761
INFO 2022-04-12 09:01:58,753 basehttp 10204 14772 "GET /reporting/?units=125&id=2 HTTP/1.1" 200 13362
INFO 2022-04-12 09:02:03,211 basehttp 10204 14772 "GET /reporting/?units=155&id=3 HTTP/1.1" 200 12963
INFO 2022-04-12 09:02:08,616 basehttp 10204 14772 "GET /reporting/?units=165&id=4 HTTP/1.1" 200 13138
INFO 2022-04-12 09:02:16,899 basehttp 10204 14772 "GET /accounts/logout/ HTTP/1.1" 302 0
INFO 2022-04-12 09:02:16,927 basehttp 10204 14772 "GET / HTTP/1.1" 200 6514
INFO 2022-04-12 09:02:18,896 basehttp 10204 14772 "GET /auth/login/ HTTP/1.1" 200 7526
INFO 2022-04-12 09:02:26,409 basehttp 10204 14772 "POST /auth/login/ HTTP/1.1" 302 0
INFO 2022-04-12 09:02:26,545 basehttp 10204 14772 "GET / HTTP/1.1" 200 7876
INFO 2022-04-12 09:02:29,192 basehttp 10204 14772 "GET /reporting/ HTTP/1.1" 200 12963
INFO 2022-04-12 09:02:55,122 basehttp 10204 14772 "GET /reporting/?units=180&id=4 HTTP/1.1" 200 12564
INFO 2022-04-12 09:02:59,984 basehttp 10204 14772 "GET /reporting/?units=164&id=5 HTTP/1.1" 200 12165
INFO 2022-04-12 09:03:08,129 basehttp 10204 14772 "GET /reporting/?units=145&id=6 HTTP/1.1" 200 11766
INFO 2022-04-12 09:03:11,382 basehttp 10204 14772 "GET /reporting/?units=10&id=7 HTTP/1.1" 200 12125
INFO 2022-04-12 09:03:19,800 basehttp 10204 14772 "GET /reporting/?m_units=800 HTTP/1.1" 200 8146
INFO 2022-04-12 09:03:45,367 basehttp 10204 14772 "GET /indications/ HTTP/1.1" 200 13774
INFO 2022-04-12 09:03:50,737 basehttp 10204 14772 "GET /indications/?page=2 HTTP/1.1" 200 11154
INFO 2022-04-12 09:03:53,268 basehttp 10204 14772 "GET /indications/?page=1 HTTP/1.1" 200 13774
INFO 2022-04-12 09:03:55,824 basehttp 10204 14772 "GET /client-details/5/ HTTP/1.1" 200 8689
INFO 2022-04-12 09:04:08,038 basehttp 10204 14772 "GET /payments/client/debts/5/ HTTP/1.1" 200 8636
INFO 2022-04-12 09:04:20,991 basehttp 10204 14772 "GET /client-details/5/ HTTP/1.1" 200 8689
INFO 2022-04-12 09:04:42,600 basehttp 10204 14772 "GET /indications/ HTTP/1.1" 200 13774
INFO 2022-04-12 09:04:53,290 basehttp 10204 14772 "GET /reporting/edit/units/ HTTP/1.1" 200 7891
INFO 2022-04-12 09:04:55,602 basehttp 10204 14772 "GET /indications/ HTTP/1.1" 200 13774
INFO 2022-04-12 09:05:04,141 basehttp 10204 14772 "GET /reporting/edit/units/ HTTP/1.1" 200 7891
INFO 2022-04-12 09:05:08,316 basehttp 10204 14772 "GET /reporting/edit/units/?client_pk=4 HTTP/1.1" 200 8227
INFO 2022-04-12 09:05:14,082 basehttp 10204 14772 "GET /reporting/edit/units/?client_pk=4&new_units=175 HTTP/1.1" 302 0
INFO 2022-04-12 09:05:14,347 basehttp 10204 14772 "GET /indications/ HTTP/1.1" 200 13773
INFO 2022-04-12 09:05:36,066 basehttp 10204 14772 "GET /reporting/edit/master/ HTTP/1.1" 200 9457
INFO 2022-04-12 09:05:57,286 basehttp 10204 14772 "GET /accounts/logout/ HTTP/1.1" 302 0
INFO 2022-04-12 09:05:57,314 basehttp 10204 14772 "GET / HTTP/1.1" 200 6514
INFO 2022-04-12 09:06:04,591 basehttp 10204 14772 "GET /announce/ HTTP/1.1" 200 19407
INFO 2022-04-12 09:06:55,792 basehttp 10204 14772 "GET / HTTP/1.1" 200 6514
INFO 2022-04-12 09:09:39,160 autoreload 3596 15628 Watching for file changes with StatReloader
INFO 2022-04-12 14:12:52,610 autoreload 5316 13656 Watching for file changes with StatReloader
INFO 2022-04-12 14:13:00,767 basehttp 5316 13332 "GET / HTTP/1.1" 200 6514
INFO 2022-04-12 14:13:04,877 basehttp 5316 13332 - Broken pipe from ('127.0.0.1', 64964)

INFO 2022-04-12 14:13:07,652 basehttp 5316 15504 "GET / HTTP/1.1" 200 6514
INFO 2022-04-12 14:13:09,330 basehttp 5316 15504 "GET /auth/login/ HTTP/1.1" 200 7526
INFO 2022-04-12 14:13:17,694 basehttp 5316 15504 "POST /auth/login/ HTTP/1.1" 302 0
INFO 2022-04-12 14:13:17,867 basehttp 5316 15504 "GET / HTTP/1.1" 200 7876
ERROR 2022-04-12 14:13:20,818 log 5316 15504 Internal Server Error: /reporting/
Traceback (most recent call last):
  File "D:\python_web\course_project\venv\lib\site-packages\django\contrib\sessions\backends\base.py", line 187, in _get_session
    return self._session_cache
AttributeError: 'SessionStore' object has no attribute '_session_cache'

During handling of the above exception, another exception occurred:

Traceback (most recent call last):
  File "D:\python_web\course_project\venv\lib\site-packages\django\core\handlers\exception.py", line 55, in inner
    response = get_response(request)
  File "D:\python_web\course_project\venv\lib\site-packages\django\core\handlers\base.py", line 197, in _get_response
    response = wrapped_callback(request, *callback_args, **callback_kwargs)
  File "D:\python_web\course_project\venv\lib\site-packages\asgiref\sync.py", line 204, in __call__
    return call_result.result()
  File "C:\Users\HP HOME\AppData\Local\Programs\Python\Python38-32\lib\concurrent\futures\_base.py", line 432, in result
    return self.__get_result()
  File "C:\Users\HP HOME\AppData\Local\Programs\Python\Python38-32\lib\concurrent\futures\_base.py", line 388, in __get_result
    raise self._exception
  File "D:\python_web\course_project\venv\lib\site-packages\asgiref\sync.py", line 270, in main_wrap
    result = await self.awaitable(*args, **kwargs)
  File "D:\python_web\course_project\course_project\web\views\reporting.py", line 15, in reporting_view
    if not request.user.has_perm('web.add_archive',):
  File "D:\python_web\course_project\venv\lib\site-packages\django\utils\functional.py", line 258, in inner
    self._setup()
  File "D:\python_web\course_project\venv\lib\site-packages\django\utils\functional.py", line 398, in _setup
    self._wrapped = self._setupfunc()
  File "D:\python_web\course_project\venv\lib\site-packages\django\contrib\auth\middleware.py", line 25, in <lambda>
    request.user = SimpleLazyObject(lambda: get_user(request))
  File "D:\python_web\course_project\venv\lib\site-packages\django\contrib\auth\middleware.py", line 11, in get_user
    request._cached_user = auth.get_user(request)
  File "D:\python_web\course_project\venv\lib\site-packages\django\contrib\auth\__init__.py", line 191, in get_user
    user_id = _get_user_session_key(request)
  File "D:\python_web\course_project\venv\lib\site-packages\django\contrib\auth\__init__.py", line 60, in _get_user_session_key
    return get_user_model()._meta.pk.to_python(request.session[SESSION_KEY])
  File "D:\python_web\course_project\venv\lib\site-packages\django\contrib\sessions\backends\base.py", line 53, in __getitem__
    return self._session[key]
  File "D:\python_web\course_project\venv\lib\site-packages\django\contrib\sessions\backends\base.py", line 192, in _get_session
    self._session_cache = self.load()
  File "D:\python_web\course_project\venv\lib\site-packages\django\contrib\sessions\backends\db.py", line 42, in load
    s = self._get_session_from_db()
  File "D:\python_web\course_project\venv\lib\site-packages\django\contrib\sessions\backends\db.py", line 32, in _get_session_from_db
    return self.model.objects.get(
  File "D:\python_web\course_project\venv\lib\site-packages\django\db\models\manager.py", line 85, in manager_method
    return getattr(self.get_queryset(), name)(*args, **kwargs)
  File "D:\python_web\course_project\venv\lib\site-packages\django\db\models\query.py", line 492, in get
    num = len(clone)
  File "D:\python_web\course_project\venv\lib\site-packages\django\db\models\query.py", line 302, in __len__
    self._fetch_all()
  File "D:\python_web\course_project\venv\lib\site-packages\django\db\models\query.py", line 1507, in _fetch_all
    self._result_cache = list(self._iterable_class(self))
  File "D:\python_web\course_project\venv\lib\site-packages\django\db\models\query.py", line 57, in __iter__
    results = compiler.execute_sql(
  File "D:\python_web\course_project\venv\lib\site-packages\django\db\models\sql\compiler.py", line 1359, in execute_sql
    cursor = self.connection.cursor()
  File "D:\python_web\course_project\venv\lib\site-packages\django\utils\asyncio.py", line 24, in inner
    raise SynchronousOnlyOperation(message)
django.core.exceptions.SynchronousOnlyOperation: You cannot call this from an async context - use a thread or sync_to_async.
INFO 2022-04-12 14:13:20,882 basehttp 5316 15504 "GET /reporting/ HTTP/1.1" 200 7546
INFO 2022-04-12 14:15:45,384 autoreload 5316 13656 D:\python_web\course_project\course_project\web\views\reporting.py changed, reloading.
INFO 2022-04-12 14:15:47,763 autoreload 17024 12608 Watching for file changes with StatReloader
INFO 2022-04-12 14:15:48,400 basehttp 17024 2060 "GET / HTTP/1.1" 200 7876
ERROR 2022-04-12 14:15:50,315 log 17024 2060 Internal Server Error: /reporting/
Traceback (most recent call last):
  File "D:\python_web\course_project\venv\lib\site-packages\django\contrib\sessions\backends\base.py", line 187, in _get_session
    return self._session_cache
AttributeError: 'SessionStore' object has no attribute '_session_cache'

During handling of the above exception, another exception occurred:

Traceback (most recent call last):
  File "D:\python_web\course_project\venv\lib\site-packages\django\core\handlers\exception.py", line 55, in inner
    response = get_response(request)
  File "D:\python_web\course_project\venv\lib\site-packages\django\core\handlers\base.py", line 197, in _get_response
    response = wrapped_callback(request, *callback_args, **callback_kwargs)
  File "D:\python_web\course_project\venv\lib\site-packages\asgiref\sync.py", line 204, in __call__
    return call_result.result()
  File "C:\Users\HP HOME\AppData\Local\Programs\Python\Python38-32\lib\concurrent\futures\_base.py", line 432, in result
    return self.__get_result()
  File "C:\Users\HP HOME\AppData\Local\Programs\Python\Python38-32\lib\concurrent\futures\_base.py", line 388, in __get_result
    raise self._exception
  File "D:\python_web\course_project\venv\lib\site-packages\asgiref\sync.py", line 270, in main_wrap
    result = await self.awaitable(*args, **kwargs)
  File "D:\python_web\course_project\course_project\web\views\reporting.py", line 15, in reporting_view
    if not request.user.has_perm('web.add_archive',):
  File "D:\python_web\course_project\venv\lib\site-packages\django\utils\functional.py", line 258, in inner
    self._setup()
  File "D:\python_web\course_project\venv\lib\site-packages\django\utils\functional.py", line 398, in _setup
    self._wrapped = self._setupfunc()
  File "D:\python_web\course_project\venv\lib\site-packages\django\contrib\auth\middleware.py", line 25, in <lambda>
    request.user = SimpleLazyObject(lambda: get_user(request))
  File "D:\python_web\course_project\venv\lib\site-packages\django\contrib\auth\middleware.py", line 11, in get_user
    request._cached_user = auth.get_user(request)
  File "D:\python_web\course_project\venv\lib\site-packages\django\contrib\auth\__init__.py", line 191, in get_user
    user_id = _get_user_session_key(request)
  File "D:\python_web\course_project\venv\lib\site-packages\django\contrib\auth\__init__.py", line 60, in _get_user_session_key
    return get_user_model()._meta.pk.to_python(request.session[SESSION_KEY])
  File "D:\python_web\course_project\venv\lib\site-packages\django\contrib\sessions\backends\base.py", line 53, in __getitem__
    return self._session[key]
  File "D:\python_web\course_project\venv\lib\site-packages\django\contrib\sessions\backends\base.py", line 192, in _get_session
    self._session_cache = self.load()
  File "D:\python_web\course_project\venv\lib\site-packages\django\contrib\sessions\backends\db.py", line 42, in load
    s = self._get_session_from_db()
  File "D:\python_web\course_project\venv\lib\site-packages\django\contrib\sessions\backends\db.py", line 32, in _get_session_from_db
    return self.model.objects.get(
  File "D:\python_web\course_project\venv\lib\site-packages\django\db\models\manager.py", line 85, in manager_method
    return getattr(self.get_queryset(), name)(*args, **kwargs)
  File "D:\python_web\course_project\venv\lib\site-packages\django\db\models\query.py", line 492, in get
    num = len(clone)
  File "D:\python_web\course_project\venv\lib\site-packages\django\db\models\query.py", line 302, in __len__
    self._fetch_all()
  File "D:\python_web\course_project\venv\lib\site-packages\django\db\models\query.py", line 1507, in _fetch_all
    self._result_cache = list(self._iterable_class(self))
  File "D:\python_web\course_project\venv\lib\site-packages\django\db\models\query.py", line 57, in __iter__
    results = compiler.execute_sql(
  File "D:\python_web\course_project\venv\lib\site-packages\django\db\models\sql\compiler.py", line 1359, in execute_sql
    cursor = self.connection.cursor()
  File "D:\python_web\course_project\venv\lib\site-packages\django\utils\asyncio.py", line 24, in inner
    raise SynchronousOnlyOperation(message)
django.core.exceptions.SynchronousOnlyOperation: You cannot call this from an async context - use a thread or sync_to_async.
INFO 2022-04-12 14:15:50,357 basehttp 17024 2060 "GET /reporting/ HTTP/1.1" 200 7546
INFO 2022-04-12 14:15:54,618 basehttp 17024 13936 "GET / HTTP/1.1" 200 7876
INFO 2022-04-12 14:15:55,540 basehttp 17024 13936 "GET / HTTP/1.1" 200 7876
INFO 2022-04-12 14:15:55,629 basehttp 17024 13936 "GET /static/lib/easing/easing.min.js HTTP/1.1" 304 0
INFO 2022-04-12 14:15:55,630 basehttp 17024 14512 "GET /static/lib/chart/chart.min.js HTTP/1.1" 304 0
INFO 2022-04-12 14:15:55,638 basehttp 17024 14512 "GET /static/lib/owlcarousel/owl.carousel.min.js HTTP/1.1" 304 0
INFO 2022-04-12 14:15:55,640 basehttp 17024 13936 "GET /static/lib/tempusdominus/js/moment.min.js HTTP/1.1" 304 0
INFO 2022-04-12 14:15:55,662 basehttp 17024 1764 "GET /static/lib/waypoints/waypoints.min.js HTTP/1.1" 304 0
INFO 2022-04-12 14:15:55,694 basehttp 17024 8824 "GET /static/lib/tempusdominus/js/moment-timezone.min.js HTTP/1.1" 304 0
INFO 2022-04-12 14:15:55,696 basehttp 17024 3416 "GET /static/lib/tempusdominus/js/tempusdominus-bootstrap-4.min.js HTTP/1.1" 304 0
INFO 2022-04-12 14:15:55,713 basehttp 17024 11856 "GET /static/js/main.js HTTP/1.1" 200 1500
ERROR 2022-04-12 14:15:57,440 log 17024 13936 Internal Server Error: /reporting/
Traceback (most recent call last):
  File "D:\python_web\course_project\venv\lib\site-packages\django\contrib\sessions\backends\base.py", line 187, in _get_session
    return self._session_cache
AttributeError: 'SessionStore' object has no attribute '_session_cache'

During handling of the above exception, another exception occurred:

Traceback (most recent call last):
  File "D:\python_web\course_project\venv\lib\site-packages\django\core\handlers\exception.py", line 55, in inner
    response = get_response(request)
  File "D:\python_web\course_project\venv\lib\site-packages\django\core\handlers\base.py", line 197, in _get_response
    response = wrapped_callback(request, *callback_args, **callback_kwargs)
  File "D:\python_web\course_project\venv\lib\site-packages\asgiref\sync.py", line 204, in __call__
    return call_result.result()
  File "C:\Users\HP HOME\AppData\Local\Programs\Python\Python38-32\lib\concurrent\futures\_base.py", line 432, in result
    return self.__get_result()
  File "C:\Users\HP HOME\AppData\Local\Programs\Python\Python38-32\lib\concurrent\futures\_base.py", line 388, in __get_result
    raise self._exception
  File "D:\python_web\course_project\venv\lib\site-packages\asgiref\sync.py", line 270, in main_wrap
    result = await self.awaitable(*args, **kwargs)
  File "D:\python_web\course_project\course_project\web\views\reporting.py", line 15, in reporting_view
    if not request.user.has_perm('web.add_archive',):
  File "D:\python_web\course_project\venv\lib\site-packages\django\utils\functional.py", line 258, in inner
    self._setup()
  File "D:\python_web\course_project\venv\lib\site-packages\django\utils\functional.py", line 398, in _setup
    self._wrapped = self._setupfunc()
  File "D:\python_web\course_project\venv\lib\site-packages\django\contrib\auth\middleware.py", line 25, in <lambda>
    request.user = SimpleLazyObject(lambda: get_user(request))
  File "D:\python_web\course_project\venv\lib\site-packages\django\contrib\auth\middleware.py", line 11, in get_user
    request._cached_user = auth.get_user(request)
  File "D:\python_web\course_project\venv\lib\site-packages\django\contrib\auth\__init__.py", line 191, in get_user
    user_id = _get_user_session_key(request)
  File "D:\python_web\course_project\venv\lib\site-packages\django\contrib\auth\__init__.py", line 60, in _get_user_session_key
    return get_user_model()._meta.pk.to_python(request.session[SESSION_KEY])
  File "D:\python_web\course_project\venv\lib\site-packages\django\contrib\sessions\backends\base.py", line 53, in __getitem__
    return self._session[key]
  File "D:\python_web\course_project\venv\lib\site-packages\django\contrib\sessions\backends\base.py", line 192, in _get_session
    self._session_cache = self.load()
  File "D:\python_web\course_project\venv\lib\site-packages\django\contrib\sessions\backends\db.py", line 42, in load
    s = self._get_session_from_db()
  File "D:\python_web\course_project\venv\lib\site-packages\django\contrib\sessions\backends\db.py", line 32, in _get_session_from_db
    return self.model.objects.get(
  File "D:\python_web\course_project\venv\lib\site-packages\django\db\models\manager.py", line 85, in manager_method
    return getattr(self.get_queryset(), name)(*args, **kwargs)
  File "D:\python_web\course_project\venv\lib\site-packages\django\db\models\query.py", line 492, in get
    num = len(clone)
  File "D:\python_web\course_project\venv\lib\site-packages\django\db\models\query.py", line 302, in __len__
    self._fetch_all()
  File "D:\python_web\course_project\venv\lib\site-packages\django\db\models\query.py", line 1507, in _fetch_all
    self._result_cache = list(self._iterable_class(self))
  File "D:\python_web\course_project\venv\lib\site-packages\django\db\models\query.py", line 57, in __iter__
    results = compiler.execute_sql(
  File "D:\python_web\course_project\venv\lib\site-packages\django\db\models\sql\compiler.py", line 1359, in execute_sql
    cursor = self.connection.cursor()
  File "D:\python_web\course_project\venv\lib\site-packages\django\utils\asyncio.py", line 24, in inner
    raise SynchronousOnlyOperation(message)
django.core.exceptions.SynchronousOnlyOperation: You cannot call this from an async context - use a thread or sync_to_async.
INFO 2022-04-12 14:15:57,482 basehttp 17024 13936 "GET /reporting/ HTTP/1.1" 200 7546
INFO 2022-04-12 14:16:47,743 autoreload 17024 12608 D:\python_web\course_project\course_project\web\views\reporting.py changed, reloading.
INFO 2022-04-12 14:16:50,352 autoreload 14060 4612 Watching for file changes with StatReloader
INFO 2022-04-12 14:16:51,222 basehttp 14060 12384 "GET /reporting/ HTTP/1.1" 200 7810
INFO 2022-04-12 14:16:53,679 basehttp 14060 12384 "GET / HTTP/1.1" 200 7876
INFO 2022-04-12 14:17:18,159 basehttp 14060 12384 "GET /archive/all/ HTTP/1.1" 200 9418
INFO 2022-04-12 14:17:19,989 basehttp 14060 12384 "GET /indications/ HTTP/1.1" 200 13773
INFO 2022-04-12 14:17:56,715 basehttp 14060 12384 "GET /reporting/ HTTP/1.1" 200 7810
INFO 2022-04-12 14:18:57,621 basehttp 14060 12384 "GET / HTTP/1.1" 200 7876
INFO 2022-04-12 14:18:57,974 basehttp 14060 12384 "GET /static/lib/owlcarousel/assets/owl.carousel.min.css HTTP/1.1" 200 2936
INFO 2022-04-12 14:18:58,043 basehttp 14060 12384 "GET /static/lib/waypoints/waypoints.min.js HTTP/1.1" 200 9028
INFO 2022-04-12 14:18:58,048 basehttp 14060 13204 "GET /static/lib/tempusdominus/css/tempusdominus-bootstrap-4.min.css HTTP/1.1" 200 9060
INFO 2022-04-12 14:18:58,055 basehttp 14060 11548 "GET /static/css/bootstrap.min.css HTTP/1.1" 200 164309
INFO 2022-04-12 14:18:58,147 basehttp 14060 7432 "GET /static/css/style.css HTTP/1.1" 200 5961
INFO 2022-04-12 14:18:58,150 basehttp 14060 11548 "GET /static/lib/tempusdominus/js/moment-timezone.min.js HTTP/1.1" 200 32832
INFO 2022-04-12 14:18:58,157 basehttp 14060 11548 "GET /static/js/main.js HTTP/1.1" 200 1500
INFO 2022-04-12 14:18:58,160 basehttp 14060 12384 "GET /static/lib/owlcarousel/owl.carousel.min.js HTTP/1.1" 200 42766
INFO 2022-04-12 14:18:58,259 basehttp 14060 2952 "GET /static/lib/easing/easing.min.js HTTP/1.1" 200 2302
INFO 2022-04-12 14:18:58,275 basehttp 14060 7432 "GET /static/lib/tempusdominus/js/tempusdominus-bootstrap-4.min.js HTTP/1.1" 200 56879
INFO 2022-04-12 14:18:58,352 basehttp 14060 13424 "GET /static/lib/chart/chart.min.js HTTP/1.1" 200 194890
INFO 2022-04-12 14:18:58,378 basehttp 14060 13204 "GET /static/lib/tempusdominus/js/moment.min.js HTTP/1.1" 200 326657
INFO 2022-04-12 14:19:01,487 basehttp 14060 13204 "GET /static/img/favicon.ico HTTP/1.1" 200 15406
INFO 2022-04-12 14:19:06,142 basehttp 14060 13204 "GET /reporting/ HTTP/1.1" 200 7810
INFO 2022-04-12 14:19:06,427 basehttp 14060 7432 "GET /static/css/style.css HTTP/1.1" 200 5961
INFO 2022-04-12 14:19:06,431 basehttp 14060 13424 "GET /static/lib/tempusdominus/css/tempusdominus-bootstrap-4.min.css HTTP/1.1" 200 9060
INFO 2022-04-12 14:19:06,438 basehttp 14060 11548 "GET /static/css/bootstrap.min.css HTTP/1.1" 200 164309
INFO 2022-04-12 14:19:06,447 basehttp 14060 13204 "GET /static/lib/owlcarousel/assets/owl.carousel.min.css HTTP/1.1" 200 2936
INFO 2022-04-12 14:19:06,451 basehttp 14060 12384 "GET /static/lib/easing/easing.min.js HTTP/1.1" 200 2302
INFO 2022-04-12 14:19:06,463 basehttp 14060 12384 "GET /static/lib/tempusdominus/js/tempusdominus-bootstrap-4.min.js HTTP/1.1" 200 56879
INFO 2022-04-12 14:19:06,470 basehttp 14060 13424 "GET /static/lib/owlcarousel/owl.carousel.min.js HTTP/1.1" 200 42766
INFO 2022-04-12 14:19:06,474 basehttp 14060 7432 "GET /static/lib/waypoints/waypoints.min.js HTTP/1.1" 200 9028
INFO 2022-04-12 14:19:06,477 basehttp 14060 13204 "GET /static/lib/tempusdominus/js/moment-timezone.min.js HTTP/1.1" 200 32832
INFO 2022-04-12 14:19:06,479 basehttp 14060 2952 "GET /static/lib/chart/chart.min.js HTTP/1.1" 200 194890
INFO 2022-04-12 14:19:06,480 basehttp 14060 12384 "GET /static/js/main.js HTTP/1.1" 200 1500
INFO 2022-04-12 14:19:06,482 basehttp 14060 11548 "GET /static/lib/tempusdominus/js/moment.min.js HTTP/1.1" 200 326657
INFO 2022-04-12 14:19:07,348 basehttp 14060 13204 "GET /static/img/favicon.ico HTTP/1.1" 200 15406
INFO 2022-04-12 14:22:17,511 autoreload 14060 4612 D:\python_web\course_project\course_project\web\views\reporting.py changed, reloading.
INFO 2022-04-12 14:22:19,961 autoreload 5552 16036 Watching for file changes with StatReloader
